{
  "RSpec": {
    "coverage": {
      "/Users/Lauren/Desktop/gilded_rose_test/lib/gilded_rose.rb": [
        1,
        1,
        null,
        1,
        null,
        1,
        1,
        null,
        1,
        15,
        null,
        null,
        1,
        14,
        14,
        3,
        11,
        2,
        9,
        5,
        4,
        3,
        null,
        1,
        null,
        null,
        null,
        null,
        null
      ],
      "/Users/Lauren/Desktop/gilded_rose_test/lib/update_methods.rb": [
        1,
        null,
        1,
        1,
        1,
        1,
        1,
        null,
        1,
        3,
        2,
        2,
        null,
        3,
        null,
        null,
        null,
        1,
        2,
        1,
        1,
        null,
        3,
        null,
        null,
        null,
        1,
        5,
        2,
        2,
        3,
        1,
        3,
        2,
        1,
        4,
        null,
        1,
        null,
        null,
        null,
        1,
        null,
        null,
        1,
        3,
        2,
        6,
        null,
        5,
        null,
        null,
        null,
        1,
        10,
        null,
        null,
        1,
        12,
        null,
        null,
        1,
        9,
        null,
        null,
        1,
        10,
        null,
        null,
        null
      ],
      "/Users/Lauren/Desktop/gilded_rose_test/lib/type_methods.rb": [
        1,
        null,
        1,
        14,
        null,
        null,
        1,
        25,
        null,
        null,
        1,
        21,
        null,
        null,
        1,
        7,
        7,
        7,
        null,
        null,
        1,
        10,
        null,
        null,
        null
      ],
      "/Users/Lauren/Desktop/gilded_rose_test/lib/item.rb": [
        1,
        1,
        null,
        1,
        4,
        4,
        4,
        null,
        null,
        1,
        1,
        null,
        null
      ]
    },
    "timestamp": 1488998964
  }
}
