{
  "RSpec": {
    "coverage": {
      "/Users/Lauren/Desktop/gilded_rose_test/lib/gilded_rose.rb": [
        1,
        null,
        1,
        11,
        null,
        null,
        1,
        10,
        10,
        3,
        7,
        2,
        5,
        5,
        null,
        0,
        null,
        null,
        null,
        null,
        1,
        null,
        1,
        3,
        2,
        2,
        null,
        3,
        null,
        null,
        null,
        1,
        2,
        1,
        1,
        null,
        3,
        null,
        null,
        null,
        1,
        5,
        2,
        2,
        3,
        1,
        3,
        2,
        1,
        4,
        null,
        1,
        null,
        null,
        null,
        1,
        null,
        null,
        1,
        10,
        null,
        null,
        1,
        17,
        null,
        null,
        1,
        13,
        null,
        null,
        1,
        3,
        null,
        null,
        1,
        10,
        null,
        null,
        1,
        4,
        null,
        null,
        1,
        7,
        null,
        null,
        1,
        10,
        null,
        null,
        null
      ],
      "/Users/Lauren/Desktop/gilded_rose_test/lib/item.rb": [
        1,
        1,
        null,
        1,
        4,
        4,
        4,
        null,
        null,
        1,
        1,
        null,
        null
      ]
    },
    "timestamp": 1488995832
  }
}
